2022.09.17 08:50:01 INFO  tracing is disabled for protocol LSP, to enable tracing of incoming and outgoing JSON messages create an empty file at /Users/MarvishChandra/Visual Studio Projects/MyPreferredTransportation/.metals/lsp.trace.json or /Users/MarvishChandra/Library/Caches/org.scalameta.metals/lsp.trace.json
2022.09.17 08:50:01 INFO  logging to file /Users/MarvishChandra/Visual Studio Projects/MyPreferredTransportation/.metals/metals.log
2022.09.17 08:50:01 INFO  Started: Metals version 0.11.8 in workspace '/Users/MarvishChandra/Visual Studio Projects/MyPreferredTransportation' for client Visual Studio Code 1.71.2.
2022.09.17 08:50:01 WARN  Flyway upgrade recommended: H2 2.1.214 is newer than this version of Flyway and support has not been tested. The latest supported version of H2 is 2.1.210.
2022.09.17 08:50:03 INFO  time: initialize in 1.23s
2022.09.17 08:50:04 WARN  Build server is not auto-connectable.
2022.09.17 08:50:04 WARN  no build target for: /Users/MarvishChandra/Visual Studio Projects/MyPreferredTransportation/src/main/scala/Main.scala
Sep 17, 2022 8:50:04 AM org.eclipse.lsp4j.jsonrpc.RemoteEndpoint handleCancellation
WARNING: Unmatched cancel notification for request id 2
2022.09.17 08:50:08 INFO  no build target found for /Users/MarvishChandra/Visual Studio Projects/MyPreferredTransportation/src/main/scala/Main.scala. Using presentation compiler with project's scala-library version: 3.1.3
2022.09.17 08:50:09 INFO  time: code lens generation in 4.78s
2022.09.17 08:50:09 INFO  time: code lens generation in 4.59s
Sep 17, 2022 8:55:07 AM org.eclipse.lsp4j.jsonrpc.RemoteEndpoint handleCancellation
WARNING: Unmatched cancel notification for request id 962
Sep 17, 2022 8:55:07 AM org.eclipse.lsp4j.jsonrpc.RemoteEndpoint handleCancellation
WARNING: Unmatched cancel notification for request id 963
Sep 17, 2022 8:55:07 AM org.eclipse.lsp4j.jsonrpc.RemoteEndpoint handleCancellation
WARNING: Unmatched cancel notification for request id 965
Sep 17, 2022 8:55:07 AM org.eclipse.lsp4j.jsonrpc.RemoteEndpoint handleCancellation
WARNING: Unmatched cancel notification for request id 966
Sep 17, 2022 8:55:07 AM org.eclipse.lsp4j.jsonrpc.RemoteEndpoint handleCancellation
WARNING: Unmatched cancel notification for request id 964
Sep 17, 2022 8:55:07 AM org.eclipse.lsp4j.jsonrpc.RemoteEndpoint handleCancellation
WARNING: Unmatched cancel notification for request id 967
Sep 17, 2022 8:55:07 AM org.eclipse.lsp4j.jsonrpc.RemoteEndpoint handleCancellation
WARNING: Unmatched cancel notification for request id 970
2022.09.17 08:59:38 WARN  no build target for: /Users/MarvishChandra/Visual Studio Projects/MyPreferredTransportation/src/main/scala/Main.scala
